<?xml version="1.0" encoding="UTF-8"?>
<!-- Generated by org.testng.reporters.JUnitReportReporter -->
<testsuite skipped="0" hostname="C02QT28DG8WP" name="com.amazon.test.LoginTest" tests="1" failures="0" timestamp="10 Jun 2019 19:46:31 GMT" time="17.767" errors="0">
  <testcase name="sanity_loginWithValidEmail" time="17.767" classname="com.amazon.test.LoginTest"/>
</testsuite> <!-- com.amazon.test.LoginTest -->
