<?xml version="1.0" encoding="UTF-8"?>
<!-- Generated by org.testng.reporters.JUnitReportReporter -->
<testsuite skipped="0" hostname="C02QT28DG8WP" name="com.amazon.test.AddToCartTest" tests="4" failures="0" timestamp="12 Jun 2019 16:23:02 GMT" time="55.304" errors="0">
  <testcase name="sanity_loginWithValidEmail" time="15.429" classname="com.amazon.test.AddToCartTest"/>
  <testcase name="sanity_addToCartHeadPhone" time="16.218" classname="com.amazon.test.AddToCartTest"/>
  <testcase name="sanity_addToCartMacbook" time="14.729" classname="com.amazon.test.AddToCartTest"/>
  <testcase name="sanity_deleteHeadPhonesAndMacFromCart" time="8.928" classname="com.amazon.test.AddToCartTest"/>
</testsuite> <!-- com.amazon.test.AddToCartTest -->
