<?xml version="1.0" encoding="UTF-8"?>
<!-- Generated by org.testng.reporters.JUnitReportReporter -->
<testsuite skipped="0" hostname="C02QT28DG8WP" name="com.amazon.test.AddToCartTest" tests="4" failures="0" timestamp="13 Jun 2019 12:47:55 GMT" time="55.769" errors="0">
  <testcase name="loginWithValidEmail" time="17.267" classname="com.amazon.test.AddToCartTest"/>
  <testcase name="addToCartHeadPhone" time="17.741" classname="com.amazon.test.AddToCartTest"/>
  <testcase name="addToCartMacbook" time="13.011" classname="com.amazon.test.AddToCartTest"/>
  <testcase name="sanity_deleteHeadPhonesAndMacFromCart" time="7.750" classname="com.amazon.test.AddToCartTest"/>
</testsuite> <!-- com.amazon.test.AddToCartTest -->
